Analysis & Elaboration report for CPU
Mon Nov 02 19:13:00 2020
Quartus Prime Version 18.1.0 Build 625 09/12/2018 SJ Lite Edition


---------------------
; Table of Contents ;
---------------------
  1. Legal Notice
  2. Analysis & Elaboration Summary
  3. Parallel Compilation
  4. Analysis & Elaboration Settings
  5. Analysis & Elaboration Messages



----------------
; Legal Notice ;
----------------
Copyright (C) 2018  Intel Corporation. All rights reserved.
Your use of Intel Corporation's design tools, logic functions 
and other software and tools, and its AMPP partner logic 
functions, and any output files from any of the foregoing 
(including device programming or simulation files), and any 
associated documentation or information are expressly subject 
to the terms and conditions of the Intel Program License 
Subscription Agreement, the Intel Quartus Prime License Agreement,
the Intel FPGA IP License Agreement, or other applicable license
agreement, including, without limitation, that your use is for
the sole purpose of programming logic devices manufactured by
Intel and sold by Intel or its authorized distributors.  Please
refer to the applicable agreement for further details.



+----------------------------------------------------------------------------------+
; Analysis & Elaboration Summary                                                   ;
+------------------------------------+---------------------------------------------+
; Analysis & Elaboration Status      ; Failed - Mon Nov 02 19:13:00 2020           ;
; Quartus Prime Version              ; 18.1.0 Build 625 09/12/2018 SJ Lite Edition ;
; Revision Name                      ; CPU                                         ;
; Top-level Entity Name              ; CPU                                         ;
; Family                             ; Cyclone IV E                                ;
; Total logic elements               ; N/A until Partition Merge                   ;
;     Total combinational functions  ; N/A until Partition Merge                   ;
;     Dedicated logic registers      ; N/A until Partition Merge                   ;
; Total registers                    ; N/A until Partition Merge                   ;
; Total pins                         ; N/A until Partition Merge                   ;
; Total virtual pins                 ; N/A until Partition Merge                   ;
; Total memory bits                  ; N/A until Partition Merge                   ;
; Embedded Multiplier 9-bit elements ; N/A until Partition Merge                   ;
; Total PLLs                         ; N/A until Partition Merge                   ;
+------------------------------------+---------------------------------------------+


+------------------------------------------+
; Parallel Compilation                     ;
+----------------------------+-------------+
; Processors                 ; Number      ;
+----------------------------+-------------+
; Number detected on machine ; 12          ;
; Maximum allowed            ; 6           ;
;                            ;             ;
; Average used               ; 1.00        ;
; Maximum used               ; 1           ;
;                            ;             ;
; Usage by Processor         ; % Time Used ;
;     Processor 1            ; 100.0%      ;
+----------------------------+-------------+


+------------------------------------------------------------------------------------------------------------+
; Analysis & Elaboration Settings                                                                            ;
+------------------------------------------------------------------+--------------------+--------------------+
; Option                                                           ; Setting            ; Default Value      ;
+------------------------------------------------------------------+--------------------+--------------------+
; Device                                                           ; EP4CE10F17C7       ;                    ;
; Top-level entity name                                            ; CPU                ; CPU                ;
; Family name                                                      ; Cyclone IV E       ; Cyclone V          ;
; Use smart compilation                                            ; Off                ; Off                ;
; Enable parallel Assembler and Timing Analyzer during compilation ; On                 ; On                 ;
; Enable compact report table                                      ; Off                ; Off                ;
; Restructure Multiplexers                                         ; Auto               ; Auto               ;
; Create Debugging Nodes for IP Cores                              ; Off                ; Off                ;
; Preserve fewer node names                                        ; On                 ; On                 ;
; Intel FPGA IP Evaluation Mode                                    ; Enable             ; Enable             ;
; Verilog Version                                                  ; Verilog_2001       ; Verilog_2001       ;
; VHDL Version                                                     ; VHDL_1993          ; VHDL_1993          ;
; State Machine Processing                                         ; Auto               ; Auto               ;
; Safe State Machine                                               ; Off                ; Off                ;
; Extract Verilog State Machines                                   ; On                 ; On                 ;
; Extract VHDL State Machines                                      ; On                 ; On                 ;
; Ignore Verilog initial constructs                                ; Off                ; Off                ;
; Iteration limit for constant Verilog loops                       ; 5000               ; 5000               ;
; Iteration limit for non-constant Verilog loops                   ; 250                ; 250                ;
; Add Pass-Through Logic to Inferred RAMs                          ; On                 ; On                 ;
; Infer RAMs from Raw Logic                                        ; On                 ; On                 ;
; Parallel Synthesis                                               ; On                 ; On                 ;
; DSP Block Balancing                                              ; Auto               ; Auto               ;
; NOT Gate Push-Back                                               ; On                 ; On                 ;
; Power-Up Don't Care                                              ; On                 ; On                 ;
; Remove Redundant Logic Cells                                     ; Off                ; Off                ;
; Remove Duplicate Registers                                       ; On                 ; On                 ;
; Ignore CARRY Buffers                                             ; Off                ; Off                ;
; Ignore CASCADE Buffers                                           ; Off                ; Off                ;
; Ignore GLOBAL Buffers                                            ; Off                ; Off                ;
; Ignore ROW GLOBAL Buffers                                        ; Off                ; Off                ;
; Ignore LCELL Buffers                                             ; Off                ; Off                ;
; Ignore SOFT Buffers                                              ; On                 ; On                 ;
; Limit AHDL Integers to 32 Bits                                   ; Off                ; Off                ;
; Optimization Technique                                           ; Balanced           ; Balanced           ;
; Carry Chain Length                                               ; 70                 ; 70                 ;
; Auto Carry Chains                                                ; On                 ; On                 ;
; Auto Open-Drain Pins                                             ; On                 ; On                 ;
; Perform WYSIWYG Primitive Resynthesis                            ; Off                ; Off                ;
; Auto ROM Replacement                                             ; On                 ; On                 ;
; Auto RAM Replacement                                             ; On                 ; On                 ;
; Auto DSP Block Replacement                                       ; On                 ; On                 ;
; Auto Shift Register Replacement                                  ; Auto               ; Auto               ;
; Allow Shift Register Merging across Hierarchies                  ; Auto               ; Auto               ;
; Auto Clock Enable Replacement                                    ; On                 ; On                 ;
; Strict RAM Replacement                                           ; Off                ; Off                ;
; Allow Synchronous Control Signals                                ; On                 ; On                 ;
; Force Use of Synchronous Clear Signals                           ; Off                ; Off                ;
; Auto RAM Block Balancing                                         ; On                 ; On                 ;
; Auto RAM to Logic Cell Conversion                                ; Off                ; Off                ;
; Auto Resource Sharing                                            ; Off                ; Off                ;
; Allow Any RAM Size For Recognition                               ; Off                ; Off                ;
; Allow Any ROM Size For Recognition                               ; Off                ; Off                ;
; Allow Any Shift Register Size For Recognition                    ; Off                ; Off                ;
; Use LogicLock Constraints during Resource Balancing              ; On                 ; On                 ;
; Ignore translate_off and synthesis_off directives                ; Off                ; Off                ;
; Timing-Driven Synthesis                                          ; On                 ; On                 ;
; Report Parameter Settings                                        ; On                 ; On                 ;
; Report Source Assignments                                        ; On                 ; On                 ;
; Report Connectivity Checks                                       ; On                 ; On                 ;
; Ignore Maximum Fan-Out Assignments                               ; Off                ; Off                ;
; Synchronization Register Chain Length                            ; 2                  ; 2                  ;
; Power Optimization During Synthesis                              ; Normal compilation ; Normal compilation ;
; HDL message level                                                ; Level2             ; Level2             ;
; Suppress Register Optimization Related Messages                  ; Off                ; Off                ;
; Number of Removed Registers Reported in Synthesis Report         ; 5000               ; 5000               ;
; Number of Swept Nodes Reported in Synthesis Report               ; 5000               ; 5000               ;
; Number of Inverted Registers Reported in Synthesis Report        ; 100                ; 100                ;
; Clock MUX Protection                                             ; On                 ; On                 ;
; Auto Gated Clock Conversion                                      ; Off                ; Off                ;
; Block Design Naming                                              ; Auto               ; Auto               ;
; SDC constraint protection                                        ; Off                ; Off                ;
; Synthesis Effort                                                 ; Auto               ; Auto               ;
; Shift Register Replacement - Allow Asynchronous Clear Signal     ; On                 ; On                 ;
; Pre-Mapping Resynthesis Optimization                             ; Off                ; Off                ;
; Analysis & Synthesis Message Level                               ; Medium             ; Medium             ;
; Disable Register Merging Across Hierarchies                      ; Auto               ; Auto               ;
; Resource Aware Inference For Block RAM                           ; On                 ; On                 ;
+------------------------------------------------------------------+--------------------+--------------------+


+---------------------------------+
; Analysis & Elaboration Messages ;
+---------------------------------+
Info: *******************************************************************
Info: Running Quartus Prime Analysis & Elaboration
    Info: Version 18.1.0 Build 625 09/12/2018 SJ Lite Edition
    Info: Processing started: Mon Nov 02 19:12:51 2020
Info: Command: quartus_map --read_settings_files=on --write_settings_files=off CPU -c CPU --analysis_and_elaboration
Warning (18236): Number of processors has not been specified which may cause overloading on shared machines.  Set the global assignment NUM_PARALLEL_PROCESSORS in your QSF to an appropriate value for best performance.
Info (20030): Parallel compilation is enabled and will use 6 of the 6 processors detected
Info (12021): Found 2 design units, including 1 entities, in source file pc.vhd
    Info (12022): Found design unit 1: PC-Behavior File: C:/Users/luiss/Desktop/Pastas/Aula pratica/CPU/PC.vhd Line: 12
    Info (12023): Found entity 1: PC File: C:/Users/luiss/Desktop/Pastas/Aula pratica/CPU/PC.vhd Line: 5
Info (12021): Found 2 design units, including 1 entities, in source file regbank.vhd
    Info (12022): Found design unit 1: RegBank-Behavior File: C:/Users/luiss/Desktop/Pastas/Aula pratica/CPU/RegBank.vhd Line: 17
    Info (12023): Found entity 1: RegBank File: C:/Users/luiss/Desktop/Pastas/Aula pratica/CPU/RegBank.vhd Line: 5
Info (12021): Found 2 design units, including 1 entities, in source file ula.vhd
    Info (12022): Found design unit 1: ULA-LogicFunc File: C:/Users/luiss/Desktop/Pastas/Aula pratica/CPU/ULA.vhd Line: 15
    Info (12023): Found entity 1: ULA File: C:/Users/luiss/Desktop/Pastas/Aula pratica/CPU/ULA.vhd Line: 5
Info (12021): Found 2 design units, including 1 entities, in source file cache.vhd
    Info (12022): Found design unit 1: CACHE-Behavior File: C:/Users/luiss/Desktop/Pastas/Aula pratica/CPU/CACHE.vhd Line: 16
    Info (12023): Found entity 1: CACHE File: C:/Users/luiss/Desktop/Pastas/Aula pratica/CPU/CACHE.vhd Line: 5
Warning (12090): Entity "MUX" obtained from "MUX.vhd" instead of from Quartus Prime megafunction library File: C:/Users/luiss/Desktop/Pastas/Aula pratica/CPU/MUX.vhd Line: 5
Info (12021): Found 2 design units, including 1 entities, in source file mux.vhd
    Info (12022): Found design unit 1: MUX-Behavior File: C:/Users/luiss/Desktop/Pastas/Aula pratica/CPU/MUX.vhd Line: 13
    Info (12023): Found entity 1: MUX File: C:/Users/luiss/Desktop/Pastas/Aula pratica/CPU/MUX.vhd Line: 5
Info (12021): Found 2 design units, including 1 entities, in source file controle.vhd
    Info (12022): Found design unit 1: Controle-Behavior File: C:/Users/luiss/Desktop/Pastas/Aula pratica/CPU/Controle.vhd Line: 23
    Info (12023): Found entity 1: Controle File: C:/Users/luiss/Desktop/Pastas/Aula pratica/CPU/Controle.vhd Line: 5
Info (12021): Found 2 design units, including 1 entities, in source file instruction_reg.vhd
    Info (12022): Found design unit 1: Instruction_Reg-Behavior File: C:/Users/luiss/Desktop/Pastas/Aula pratica/CPU/Instruction_Reg.vhd Line: 13
    Info (12023): Found entity 1: Instruction_Reg File: C:/Users/luiss/Desktop/Pastas/Aula pratica/CPU/Instruction_Reg.vhd Line: 5
Error (10500): VHDL syntax error at CPU.vhd(144) near text "PORT";  expecting "(", or "'", or "." File: C:/Users/luiss/Desktop/Pastas/Aula pratica/CPU/CPU.vhd Line: 144
Error (10500): VHDL syntax error at CPU.vhd(144) near text ";";  expecting ":=", or "<=" File: C:/Users/luiss/Desktop/Pastas/Aula pratica/CPU/CPU.vhd Line: 144
Error (10500): VHDL syntax error at CPU.vhd(146) near text "PORT";  expecting "(", or "'", or "." File: C:/Users/luiss/Desktop/Pastas/Aula pratica/CPU/CPU.vhd Line: 146
Error (10500): VHDL syntax error at CPU.vhd(146) near text ";";  expecting ":=", or "<=" File: C:/Users/luiss/Desktop/Pastas/Aula pratica/CPU/CPU.vhd Line: 146
Error (10500): VHDL syntax error at CPU.vhd(148) near text "PORT";  expecting "(", or "'", or "." File: C:/Users/luiss/Desktop/Pastas/Aula pratica/CPU/CPU.vhd Line: 148
Error (10500): VHDL syntax error at CPU.vhd(148) near text ";";  expecting ":=", or "<=" File: C:/Users/luiss/Desktop/Pastas/Aula pratica/CPU/CPU.vhd Line: 148
Error (10500): VHDL syntax error at CPU.vhd(150) near text "PORT";  expecting "(", or "'", or "." File: C:/Users/luiss/Desktop/Pastas/Aula pratica/CPU/CPU.vhd Line: 150
Error (10500): VHDL syntax error at CPU.vhd(150) near text ";";  expecting ":=", or "<=" File: C:/Users/luiss/Desktop/Pastas/Aula pratica/CPU/CPU.vhd Line: 150
Error (10500): VHDL syntax error at CPU.vhd(152) near text "PORT";  expecting "(", or "'", or "." File: C:/Users/luiss/Desktop/Pastas/Aula pratica/CPU/CPU.vhd Line: 152
Error (10500): VHDL syntax error at CPU.vhd(152) near text ";";  expecting ":=", or "<=" File: C:/Users/luiss/Desktop/Pastas/Aula pratica/CPU/CPU.vhd Line: 152
Error (10500): VHDL syntax error at CPU.vhd(154) near text "PORT";  expecting "(", or "'", or "." File: C:/Users/luiss/Desktop/Pastas/Aula pratica/CPU/CPU.vhd Line: 154
Error (10500): VHDL syntax error at CPU.vhd(154) near text ";";  expecting ":=", or "<=" File: C:/Users/luiss/Desktop/Pastas/Aula pratica/CPU/CPU.vhd Line: 154
Error (10500): VHDL syntax error at CPU.vhd(156) near text "PORT";  expecting "(", or "'", or "." File: C:/Users/luiss/Desktop/Pastas/Aula pratica/CPU/CPU.vhd Line: 156
Error (10500): VHDL syntax error at CPU.vhd(156) near text ";";  expecting ":=", or "<=" File: C:/Users/luiss/Desktop/Pastas/Aula pratica/CPU/CPU.vhd Line: 156
Error (10500): VHDL syntax error at CPU.vhd(158) near text "PORT";  expecting "(", or "'", or "." File: C:/Users/luiss/Desktop/Pastas/Aula pratica/CPU/CPU.vhd Line: 158
Error (10500): VHDL syntax error at CPU.vhd(158) near text ";";  expecting ":=", or "<=" File: C:/Users/luiss/Desktop/Pastas/Aula pratica/CPU/CPU.vhd Line: 158
Error (10500): VHDL syntax error at CPU.vhd(160) near text "PORT";  expecting "(", or "'", or "." File: C:/Users/luiss/Desktop/Pastas/Aula pratica/CPU/CPU.vhd Line: 160
Error (10500): VHDL syntax error at CPU.vhd(160) near text ";";  expecting ":=", or "<=" File: C:/Users/luiss/Desktop/Pastas/Aula pratica/CPU/CPU.vhd Line: 160
Info (12021): Found 0 design units, including 0 entities, in source file cpu.vhd
Error (10500): VHDL syntax error at Extensor.vhd(17) near text "IF";  expecting "end", or "(", or an identifier ("if" is a reserved keyword), or a concurrent statement File: C:/Users/luiss/Desktop/Pastas/Aula pratica/CPU/Extensor.vhd Line: 17
Error (10500): VHDL syntax error at Extensor.vhd(19) near text "ELSE";  expecting "end", or "(", or an identifier ("else" is a reserved keyword), or a concurrent statement File: C:/Users/luiss/Desktop/Pastas/Aula pratica/CPU/Extensor.vhd Line: 19
Error (10500): VHDL syntax error at Extensor.vhd(21) near text "IF";  expecting ";", or an identifier ("if" is a reserved keyword), or "architecture" File: C:/Users/luiss/Desktop/Pastas/Aula pratica/CPU/Extensor.vhd Line: 21
Info (12021): Found 0 design units, including 0 entities, in source file extensor.vhd
Error: Quartus Prime Analysis & Elaboration was unsuccessful. 21 errors, 2 warnings
    Error: Peak virtual memory: 4781 megabytes
    Error: Processing ended: Mon Nov 02 19:13:00 2020
    Error: Elapsed time: 00:00:09
    Error: Total CPU time (on all processors): 00:00:20


